13:11:41 **** Build of configuration Debug for project 0129_i2c ****
make -r -j4 all 
Building file: ../utilities/fsl_debug_console.c
Building file: ../utilities/fsl_io.c
Building file: ../utilities/fsl_log.c
Invoking: MCU C Compiler
Invoking: MCU C Compiler
arm-none-eabi-gcc -D__REDLIB__ -DPRINTF_FLOAT_ENABLE=0 -D__USE_CMSIS -DCR_INTEGER_PRINTF -DSDK_DEBUGCONSOLE=1 -D__MCUXPRESSO -DDEBUG -DSDK_OS_BAREMETAL -DFSL_RTOS_BM -DCPU_MK64FN1M0VLL12 -DCPU_MK64FN1M0VLL12_cm4 -I"C:\SEBM2\SEBM2\0129_i2c\board" -I"C:\SEBM2\SEBM2\0129_i2c\source" -I"C:\SEBM2\SEBM2\0129_i2c" -I"C:\SEBM2\SEBM2\0129_i2c\drivers" -I"C:\SEBM2\SEBM2\0129_i2c\CMSIS" -I"C:\SEBM2\SEBM2\0129_i2c\utilities" -I"C:\SEBM2\SEBM2\0129_i2c\startup" -O0 -fno-common -g3 -Wall -c -fmessage-length=0 -mcpu=cortex-m4 -mfpu=fpv4-sp-d16 -mfloat-abi=hard -mthumb -D__REDLIB__ -specs=redlib.specs -MMD -MP -MF"utilities/fsl_debug_console.d" -MT"utilities/fsl_debug_console.o" -MT"utilities/fsl_debug_console.d" -o "utilities/fsl_debug_console.o" "../utilities/fsl_debug_console.c"
Invoking: MCU C Compiler
arm-none-eabi-gcc -D__REDLIB__ -DPRINTF_FLOAT_ENABLE=0 -D__USE_CMSIS -DCR_INTEGER_PRINTF -DSDK_DEBUGCONSOLE=1 -D__MCUXPRESSO -DDEBUG -DSDK_OS_BAREMETAL -DFSL_RTOS_BM -DCPU_MK64FN1M0VLL12 -DCPU_MK64FN1M0VLL12_cm4 -I"C:\SEBM2\SEBM2\0129_i2c\board" -I"C:\SEBM2\SEBM2\0129_i2c\source" -I"C:\SEBM2\SEBM2\0129_i2c" -I"C:\SEBM2\SEBM2\0129_i2c\drivers" -I"C:\SEBM2\SEBM2\0129_i2c\CMSIS" -I"C:\SEBM2\SEBM2\0129_i2c\utilities" -I"C:\SEBM2\SEBM2\0129_i2c\startup" -O0 -fno-common -g3 -Wall -c -fmessage-length=0 -mcpu=cortex-m4 -mfpu=fpv4-sp-d16 -mfloat-abi=hard -mthumb -D__REDLIB__ -specs=redlib.specs -MMD -MP -MF"utilities/fsl_io.d" -MT"utilities/fsl_io.o" -MT"utilities/fsl_io.d" -o "utilities/fsl_io.o" "../utilities/fsl_io.c"
arm-none-eabi-gcc -D__REDLIB__ -DPRINTF_FLOAT_ENABLE=0 -D__USE_CMSIS -DCR_INTEGER_PRINTF -DSDK_DEBUGCONSOLE=1 -D__MCUXPRESSO -DDEBUG -DSDK_OS_BAREMETAL -DFSL_RTOS_BM -DCPU_MK64FN1M0VLL12 -DCPU_MK64FN1M0VLL12_cm4 -I"C:\SEBM2\SEBM2\0129_i2c\board" -I"C:\SEBM2\SEBM2\0129_i2c\source" -I"C:\SEBM2\SEBM2\0129_i2c" -I"C:\SEBM2\SEBM2\0129_i2c\drivers" -I"C:\SEBM2\SEBM2\0129_i2c\CMSIS" -I"C:\SEBM2\SEBM2\0129_i2c\utilities" -I"C:\SEBM2\SEBM2\0129_i2c\startup" -O0 -fno-common -g3 -Wall -c -fmessage-length=0 -mcpu=cortex-m4 -mfpu=fpv4-sp-d16 -mfloat-abi=hard -mthumb -D__REDLIB__ -specs=redlib.specs -MMD -MP -MF"utilities/fsl_log.d" -MT"utilities/fsl_log.o" -MT"utilities/fsl_log.d" -o "utilities/fsl_log.o" "../utilities/fsl_log.c"
Building file: ../utilities/fsl_str.c
Invoking: MCU C Compiler
arm-none-eabi-gcc -D__REDLIB__ -DPRINTF_FLOAT_ENABLE=0 -D__USE_CMSIS -DCR_INTEGER_PRINTF -DSDK_DEBUGCONSOLE=1 -D__MCUXPRESSO -DDEBUG -DSDK_OS_BAREMETAL -DFSL_RTOS_BM -DCPU_MK64FN1M0VLL12 -DCPU_MK64FN1M0VLL12_cm4 -I"C:\SEBM2\SEBM2\0129_i2c\board" -I"C:\SEBM2\SEBM2\0129_i2c\source" -I"C:\SEBM2\SEBM2\0129_i2c" -I"C:\SEBM2\SEBM2\0129_i2c\drivers" -I"C:\SEBM2\SEBM2\0129_i2c\CMSIS" -I"C:\SEBM2\SEBM2\0129_i2c\utilities" -I"C:\SEBM2\SEBM2\0129_i2c\startup" -O0 -fno-common -g3 -Wall -c -fmessage-length=0 -mcpu=cortex-m4 -mfpu=fpv4-sp-d16 -mfloat-abi=hard -mthumb -D__REDLIB__ -specs=redlib.specs -MMD -MP -MF"utilities/fsl_str.d" -MT"utilities/fsl_str.o" -MT"utilities/fsl_str.d" -o "utilities/fsl_str.o" "../utilities/fsl_str.c"
Finished building: ../utilities/fsl_debug_console.c
Finished building: ../utilities/fsl_log.c
Finished building: ../utilities/fsl_io.c
 
 
 
Building file: ../startup/startup_mk64f12.c
Building file: ../source/0129_i2c.c
Finished building: ../utilities/fsl_str.c
Invoking: MCU C Compiler
Invoking: MCU C Compiler
arm-none-eabi-gcc -D__REDLIB__ -DPRINTF_FLOAT_ENABLE=0 -D__USE_CMSIS -DCR_INTEGER_PRINTF -DSDK_DEBUGCONSOLE=1 -D__MCUXPRESSO -DDEBUG -DSDK_OS_BAREMETAL -DFSL_RTOS_BM -DCPU_MK64FN1M0VLL12 -DCPU_MK64FN1M0VLL12_cm4 -I"C:\SEBM2\SEBM2\0129_i2c\board" -I"C:\SEBM2\SEBM2\0129_i2c\source" -I"C:\SEBM2\SEBM2\0129_i2c" -I"C:\SEBM2\SEBM2\0129_i2c\drivers" -I"C:\SEBM2\SEBM2\0129_i2c\CMSIS" -I"C:\SEBM2\SEBM2\0129_i2c\utilities" -I"C:\SEBM2\SEBM2\0129_i2c\startup" -O0 -fno-common -g3 -Wall -c -fmessage-length=0 -mcpu=cortex-m4 -mfpu=fpv4-sp-d16 -mfloat-abi=hard -mthumb -D__REDLIB__ -specs=redlib.specs -MMD -MP -MF"startup/startup_mk64f12.d" -MT"startup/startup_mk64f12.o" -MT"startup/startup_mk64f12.d" -o "startup/startup_mk64f12.o" "../startup/startup_mk64f12.c"
 
arm-none-eabi-gcc -D__REDLIB__ -DPRINTF_FLOAT_ENABLE=0 -D__USE_CMSIS -DCR_INTEGER_PRINTF -DSDK_DEBUGCONSOLE=1 -D__MCUXPRESSO -DDEBUG -DSDK_OS_BAREMETAL -DFSL_RTOS_BM -DCPU_MK64FN1M0VLL12 -DCPU_MK64FN1M0VLL12_cm4 -I"C:\SEBM2\SEBM2\0129_i2c\board" -I"C:\SEBM2\SEBM2\0129_i2c\source" -I"C:\SEBM2\SEBM2\0129_i2c" -I"C:\SEBM2\SEBM2\0129_i2c\drivers" -I"C:\SEBM2\SEBM2\0129_i2c\CMSIS" -I"C:\SEBM2\SEBM2\0129_i2c\utilities" -I"C:\SEBM2\SEBM2\0129_i2c\startup" -O0 -fno-common -g3 -Wall -c -fmessage-length=0 -mcpu=cortex-m4 -mfpu=fpv4-sp-d16 -mfloat-abi=hard -mthumb -D__REDLIB__ -specs=redlib.specs -MMD -MP -MF"source/0129_i2c.d" -MT"source/0129_i2c.o" -MT"source/0129_i2c.d" -o "source/0129_i2c.o" "../source/0129_i2c.c"
Building file: ../source/semihost_hardfault.c
Building file: ../drivers/fsl_clock.c
Invoking: MCU C Compiler
arm-none-eabi-gcc -D__REDLIB__ -DPRINTF_FLOAT_ENABLE=0 -D__USE_CMSIS -DCR_INTEGER_PRINTF -DSDK_DEBUGCONSOLE=1 -D__MCUXPRESSO -DDEBUG -DSDK_OS_BAREMETAL -DFSL_RTOS_BM -DCPU_MK64FN1M0VLL12 -DCPU_MK64FN1M0VLL12_cm4 -I"C:\SEBM2\SEBM2\0129_i2c\board" -I"C:\SEBM2\SEBM2\0129_i2c\source" -I"C:\SEBM2\SEBM2\0129_i2c" -I"C:\SEBM2\SEBM2\0129_i2c\drivers" -I"C:\SEBM2\SEBM2\0129_i2c\CMSIS" -I"C:\SEBM2\SEBM2\0129_i2c\utilities" -I"C:\SEBM2\SEBM2\0129_i2c\startup" -O0 -fno-common -g3 -Wall -c -fmessage-length=0 -mcpu=cortex-m4 -mfpu=fpv4-sp-d16 -mfloat-abi=hard -mthumb -D__REDLIB__ -specs=redlib.specs -MMD -MP -MF"source/semihost_hardfault.d" -MT"source/semihost_hardfault.o" -MT"source/semihost_hardfault.d" -o "source/semihost_hardfault.o" "../source/semihost_hardfault.c"
Invoking: MCU C Compiler
arm-none-eabi-gcc -D__REDLIB__ -DPRINTF_FLOAT_ENABLE=0 -D__USE_CMSIS -DCR_INTEGER_PRINTF -DSDK_DEBUGCONSOLE=1 -D__MCUXPRESSO -DDEBUG -DSDK_OS_BAREMETAL -DFSL_RTOS_BM -DCPU_MK64FN1M0VLL12 -DCPU_MK64FN1M0VLL12_cm4 -I"C:\SEBM2\SEBM2\0129_i2c\board" -I"C:\SEBM2\SEBM2\0129_i2c\source" -I"C:\SEBM2\SEBM2\0129_i2c" -I"C:\SEBM2\SEBM2\0129_i2c\drivers" -I"C:\SEBM2\SEBM2\0129_i2c\CMSIS" -I"C:\SEBM2\SEBM2\0129_i2c\utilities" -I"C:\SEBM2\SEBM2\0129_i2c\startup" -O0 -fno-common -g3 -Wall -c -fmessage-length=0 -mcpu=cortex-m4 -mfpu=fpv4-sp-d16 -mfloat-abi=hard -mthumb -D__REDLIB__ -specs=redlib.specs -MMD -MP -MF"drivers/fsl_clock.d" -MT"drivers/fsl_clock.o" -MT"drivers/fsl_clock.d" -o "drivers/fsl_clock.o" "../drivers/fsl_clock.c"
Finished building: ../startup/startup_mk64f12.c
 
Finished building: ../source/semihost_hardfault.c
Building file: ../drivers/fsl_common.c
Finished building: ../source/0129_i2c.c
 
Invoking: MCU C Compiler
arm-none-eabi-gcc -D__REDLIB__ -DPRINTF_FLOAT_ENABLE=0 -D__USE_CMSIS -DCR_INTEGER_PRINTF -DSDK_DEBUGCONSOLE=1 -D__MCUXPRESSO -DDEBUG -DSDK_OS_BAREMETAL -DFSL_RTOS_BM -DCPU_MK64FN1M0VLL12 -DCPU_MK64FN1M0VLL12_cm4 -I"C:\SEBM2\SEBM2\0129_i2c\board" -I"C:\SEBM2\SEBM2\0129_i2c\source" -I"C:\SEBM2\SEBM2\0129_i2c" -I"C:\SEBM2\SEBM2\0129_i2c\drivers" -I"C:\SEBM2\SEBM2\0129_i2c\CMSIS" -I"C:\SEBM2\SEBM2\0129_i2c\utilities" -I"C:\SEBM2\SEBM2\0129_i2c\startup" -O0 -fno-common -g3 -Wall -c -fmessage-length=0 -mcpu=cortex-m4 -mfpu=fpv4-sp-d16 -mfloat-abi=hard -mthumb -D__REDLIB__ -specs=redlib.specs -MMD -MP -MF"drivers/fsl_common.d" -MT"drivers/fsl_common.o" -MT"drivers/fsl_common.d" -o "drivers/fsl_common.o" "../drivers/fsl_common.c"
 
Building file: ../drivers/fsl_flash.c
Building file: ../drivers/fsl_gpio.c
Invoking: MCU C Compiler
Finished building: ../drivers/fsl_clock.c
arm-none-eabi-gcc -D__REDLIB__ -DPRINTF_FLOAT_ENABLE=0 -D__USE_CMSIS -DCR_INTEGER_PRINTF -DSDK_DEBUGCONSOLE=1 -D__MCUXPRESSO -DDEBUG -DSDK_OS_BAREMETAL -DFSL_RTOS_BM -DCPU_MK64FN1M0VLL12 -DCPU_MK64FN1M0VLL12_cm4 -I"C:\SEBM2\SEBM2\0129_i2c\board" -I"C:\SEBM2\SEBM2\0129_i2c\source" -I"C:\SEBM2\SEBM2\0129_i2c" -I"C:\SEBM2\SEBM2\0129_i2c\drivers" -I"C:\SEBM2\SEBM2\0129_i2c\CMSIS" -I"C:\SEBM2\SEBM2\0129_i2c\utilities" -I"C:\SEBM2\SEBM2\0129_i2c\startup" -O0 -fno-common -g3 -Wall -c -fmessage-length=0 -mcpu=cortex-m4 -mfpu=fpv4-sp-d16 -mfloat-abi=hard -mthumb -D__REDLIB__ -specs=redlib.specs -MMD -MP -MF"drivers/fsl_flash.d" -MT"drivers/fsl_flash.o" -MT"drivers/fsl_flash.d" -o "drivers/fsl_flash.o" "../drivers/fsl_flash.c"
Invoking: MCU C Compiler
arm-none-eabi-gcc -D__REDLIB__ -DPRINTF_FLOAT_ENABLE=0 -D__USE_CMSIS -DCR_INTEGER_PRINTF -DSDK_DEBUGCONSOLE=1 -D__MCUXPRESSO -DDEBUG -DSDK_OS_BAREMETAL -DFSL_RTOS_BM -DCPU_MK64FN1M0VLL12 -DCPU_MK64FN1M0VLL12_cm4 -I"C:\SEBM2\SEBM2\0129_i2c\board" -I"C:\SEBM2\SEBM2\0129_i2c\source" -I"C:\SEBM2\SEBM2\0129_i2c" -I"C:\SEBM2\SEBM2\0129_i2c\drivers" -I"C:\SEBM2\SEBM2\0129_i2c\CMSIS" -I"C:\SEBM2\SEBM2\0129_i2c\utilities" -I"C:\SEBM2\SEBM2\0129_i2c\startup" -O0 -fno-common -g3 -Wall -c -fmessage-length=0 -mcpu=cortex-m4 -mfpu=fpv4-sp-d16 -mfloat-abi=hard -mthumb -D__REDLIB__ -specs=redlib.specs -MMD -MP -MF"drivers/fsl_gpio.d" -MT"drivers/fsl_gpio.o" -MT"drivers/fsl_gpio.d" -o "drivers/fsl_gpio.o" "../drivers/fsl_gpio.c"
 
Building file: ../drivers/fsl_i2c.c
Invoking: MCU C Compiler
arm-none-eabi-gcc -D__REDLIB__ -DPRINTF_FLOAT_ENABLE=0 -D__USE_CMSIS -DCR_INTEGER_PRINTF -DSDK_DEBUGCONSOLE=1 -D__MCUXPRESSO -DDEBUG -DSDK_OS_BAREMETAL -DFSL_RTOS_BM -DCPU_MK64FN1M0VLL12 -DCPU_MK64FN1M0VLL12_cm4 -I"C:\SEBM2\SEBM2\0129_i2c\board" -I"C:\SEBM2\SEBM2\0129_i2c\source" -I"C:\SEBM2\SEBM2\0129_i2c" -I"C:\SEBM2\SEBM2\0129_i2c\drivers" -I"C:\SEBM2\SEBM2\0129_i2c\CMSIS" -I"C:\SEBM2\SEBM2\0129_i2c\utilities" -I"C:\SEBM2\SEBM2\0129_i2c\startup" -O0 -fno-common -g3 -Wall -c -fmessage-length=0 -mcpu=cortex-m4 -mfpu=fpv4-sp-d16 -mfloat-abi=hard -mthumb -D__REDLIB__ -specs=redlib.specs -MMD -MP -MF"drivers/fsl_i2c.d" -MT"drivers/fsl_i2c.o" -MT"drivers/fsl_i2c.d" -o "drivers/fsl_i2c.o" "../drivers/fsl_i2c.c"
Finished building: ../drivers/fsl_common.c
 
Building file: ../drivers/fsl_rtc.c
Invoking: MCU C Compiler
arm-none-eabi-gcc -D__REDLIB__ -DPRINTF_FLOAT_ENABLE=0 -D__USE_CMSIS -DCR_INTEGER_PRINTF -DSDK_DEBUGCONSOLE=1 -D__MCUXPRESSO -DDEBUG -DSDK_OS_BAREMETAL -DFSL_RTOS_BM -DCPU_MK64FN1M0VLL12 -DCPU_MK64FN1M0VLL12_cm4 -I"C:\SEBM2\SEBM2\0129_i2c\board" -I"C:\SEBM2\SEBM2\0129_i2c\source" -I"C:\SEBM2\SEBM2\0129_i2c" -I"C:\SEBM2\SEBM2\0129_i2c\drivers" -I"C:\SEBM2\SEBM2\0129_i2c\CMSIS" -I"C:\SEBM2\SEBM2\0129_i2c\utilities" -I"C:\SEBM2\SEBM2\0129_i2c\startup" -O0 -fno-common -g3 -Wall -c -fmessage-length=0 -mcpu=cortex-m4 -mfpu=fpv4-sp-d16 -mfloat-abi=hard -mthumb -D__REDLIB__ -specs=redlib.specs -MMD -MP -MF"drivers/fsl_rtc.d" -MT"drivers/fsl_rtc.o" -MT"drivers/fsl_rtc.d" -o "drivers/fsl_rtc.o" "../drivers/fsl_rtc.c"
Command canceled

13:11:43 Build Cancelled (took 2s.609ms)

